<?xml version="1.0" encoding="UTF-8"?>
<!-- Generated by org.testng.reporters.JUnitReportReporter -->
<testsuite skipped="0" hostname="RANITA-PC" name="pack1.Demo3" tests="1" failures="0" timestamp="13 Dec 2018 07:42:17 GMT" time="36.476" errors="0">
  <testcase name="calculateInterest" time="36.476" classname="pack1.Demo3"/>
</testsuite> <!-- pack1.Demo3 -->
