<?xml version="1.0" encoding="UTF-8"?>
<!-- Generated by org.testng.reporters.JUnitReportReporter -->
<testsuite skipped="0" hostname="RANITA-PC" name="pack1.Demo2" tests="2" failures="0" timestamp="13 Dec 2018 07:42:17 GMT" time="83.803" errors="0">
  <testcase name="sGoogle" time="16.078" classname="pack1.Demo2"/>
  <testcase name="sAmazon" time="67.725" classname="pack1.Demo2"/>
</testsuite> <!-- pack1.Demo2 -->
